<?xml version="1.0" encoding="UTF-8"?>
<testsuite xmlns:xsi="http://www.w3.org/2001/XMLSchema-instance" xsi:noNamespaceSchemaLocation="https://maven.apache.org/surefire/maven-surefire-plugin/xsd/surefire-test-report.xsd" version="3.0.2" name="challenge.leandrini.domains.oportunidades.usecases.update.UpdateOpportunityUseCaseTest" time="0.236" tests="4" errors="0" skipped="0" failures="0">
  <properties>
[...]
</properties>
  <testcase name="shouldHandleStatusTransitionNovoToEmAtendimento" classname="challenge.leandrini.domains.oportunidades.usecases.update.UpdateOpportunityUseCaseTest" time="0.159"/>
  <testcase name="shouldThrowNotFoundExceptionWhenOpportunityDoesNotExist" classname="challenge.leandrini.domains.oportunidades.usecases.update.UpdateOpportunityUseCaseTest" time="0.064"/>
  <testcase name="shouldUpdateOpportunitySuccessfully" classname="challenge.leandrini.domains.oportunidades.usecases.update.UpdateOpportunityUseCaseTest" time="0.004"/>
  <testcase name="shouldOnlyUpdateProvidedFields" classname="challenge.leandrini.domains.oportunidades.usecases.update.UpdateOpportunityUseCaseTest" time="0.003"/>
</testsuite>